[debug] [2022-02-03T15:16:55.830Z] ----------------------------------------------------------------------
[debug] [2022-02-03T15:16:55.832Z] Command:       D:\node js\node.exe C:\Users\91937\AppData\Roaming\npm\node_modules\firebase-tools\lib\bin\firebase.js init
[debug] [2022-02-03T15:16:55.833Z] CLI Version:   10.1.4
[debug] [2022-02-03T15:16:55.833Z] Platform:      win32
[debug] [2022-02-03T15:16:55.833Z] Node Version:  v16.13.2
[debug] [2022-02-03T15:16:55.834Z] Time:          Thu Feb 03 2022 20:46:55 GMT+0530 (India Standard Time)
[debug] [2022-02-03T15:16:55.835Z] ----------------------------------------------------------------------
[debug] 
[debug] [2022-02-03T15:16:55.845Z] > command requires scopes: ["email","openid","https://www.googleapis.com/auth/cloudplatformprojects.readonly","https://www.googleapis.com/auth/firebase","https://www.googleapis.com/auth/cloud-platform"]
[debug] [2022-02-03T15:16:55.846Z] > authorizing via signed-in user (chavanprathmesh40@gmail.com)
[info] 
     ######## #### ########  ######## ########     ###     ######  ########
     ##        ##  ##     ## ##       ##     ##  ##   ##  ##       ##
     ######    ##  ########  ######   ########  #########  ######  ######
     ##        ##  ##    ##  ##       ##     ## ##     ##       ## ##
     ##       #### ##     ## ######## ########  ##     ##  ######  ########

You're about to initialize a Firebase project in this directory:

  D:\programs\html css and javascript\practiceproj

[info] 
=== Project Setup
[info] 
[info] First, let's associate this project directory with a Firebase project.
[info] You can create multiple project aliases by running firebase use --add, 
[info] but for now we'll just set up a default project.
[info] 
[debug] [2022-02-03T15:17:40.027Z] >>> [apiv2][query] GET https://firebase.googleapis.com/v1beta1/projects pageSize=100
[debug] [2022-02-03T15:17:40.766Z] <<< [apiv2][status] GET https://firebase.googleapis.com/v1beta1/projects 200
[debug] [2022-02-03T15:17:40.766Z] <<< [apiv2][body] GET https://firebase.googleapis.com/v1beta1/projects [omitted]
[info] i  Using project dark-spirits-eead6 (dark spirits) 
[info] 
=== Hosting Setup
[info] 
[info] Your public directory is the folder (relative to your project directory) that
[info] will contain Hosting assets to be uploaded with firebase deploy. If you
[info] have a build process for your assets, use your build's output directory.
[info] 
